0 info it worked if it ends with ok
1 verbose cli [ '/Users/axelhzf/.nvm/versions/node/v5.10.0/bin/node',
1 verbose cli   '/Users/axelhzf/.nvm/versions/node/v5.10.0/bin/npm',
1 verbose cli   'run',
1 verbose cli   'deploy' ]
2 info using npm@3.8.3
3 info using node@v5.10.0
4 verbose run-script [ 'predeploy', 'deploy', 'postdeploy' ]
5 info lifecycle treexor-code-challenge-tlp2k16@1.0.0~predeploy: treexor-code-challenge-tlp2k16@1.0.0
6 silly lifecycle treexor-code-challenge-tlp2k16@1.0.0~predeploy: no script for predeploy, continuing
7 info lifecycle treexor-code-challenge-tlp2k16@1.0.0~deploy: treexor-code-challenge-tlp2k16@1.0.0
8 verbose lifecycle treexor-code-challenge-tlp2k16@1.0.0~deploy: unsafe-perm in lifecycle true
9 verbose lifecycle treexor-code-challenge-tlp2k16@1.0.0~deploy: PATH: /Users/axelhzf/.nvm/versions/node/v5.10.0/lib/node_modules/npm/bin/node-gyp-bin:/Users/axelhzf/dev/treexor-code-challenge-tlp2k16/node_modules/.bin:/Users/axelhzf/.nvm/versions/node/v5.10.0/bin:/Users/axelhzf/.rvm/gems/ruby-2.0.0-p594/bin:/Users/axelhzf/.rvm/gems/ruby-2.0.0-p594@global/bin:/Users/axelhzf/.rvm/rubies/ruby-2.0.0-p594/bin:/Users/axelhzf/.nvm/versions/node/v5.10.0/bin:/usr/local/bin:/usr/bin:/bin:/usr/sbin:/sbin:./node_modules/.bin:/Users/axelhzf/.rvm/bin:/Users/axelhzf/.rvm/bin:/Library/Java/JavaVirtualMachines/jdk1.7.0_75.jdk/Contents/Home/bin:/Users/axelhzf/.grails/wrapper/2.4.4/grails-2.4.4/bin
10 verbose lifecycle treexor-code-challenge-tlp2k16@1.0.0~deploy: CWD: /Users/axelhzf/dev/treexor-code-challenge-tlp2k16
11 silly lifecycle treexor-code-challenge-tlp2k16@1.0.0~deploy: Args: [ '-c',
11 silly lifecycle   'git add . && git commit -m update && git push origin master && git checkout gh-pages && git merge master && git push origin gh-pages && git checkout master' ]
12 silly lifecycle treexor-code-challenge-tlp2k16@1.0.0~deploy: Returned: code: 1  signal: null
13 info lifecycle treexor-code-challenge-tlp2k16@1.0.0~deploy: Failed to exec deploy script
14 verbose stack Error: treexor-code-challenge-tlp2k16@1.0.0 deploy: `git add . && git commit -m update && git push origin master && git checkout gh-pages && git merge master && git push origin gh-pages && git checkout master`
14 verbose stack Exit status 1
14 verbose stack     at EventEmitter.<anonymous> (/Users/axelhzf/.nvm/versions/node/v5.10.0/lib/node_modules/npm/lib/utils/lifecycle.js:239:16)
14 verbose stack     at emitTwo (events.js:100:13)
14 verbose stack     at EventEmitter.emit (events.js:185:7)
14 verbose stack     at ChildProcess.<anonymous> (/Users/axelhzf/.nvm/versions/node/v5.10.0/lib/node_modules/npm/lib/utils/spawn.js:24:14)
14 verbose stack     at emitTwo (events.js:100:13)
14 verbose stack     at ChildProcess.emit (events.js:185:7)
14 verbose stack     at maybeClose (internal/child_process.js:850:16)
14 verbose stack     at Process.ChildProcess._handle.onexit (internal/child_process.js:215:5)
15 verbose pkgid treexor-code-challenge-tlp2k16@1.0.0
16 verbose cwd /Users/axelhzf/dev/treexor-code-challenge-tlp2k16
17 error Darwin 15.4.0
18 error argv "/Users/axelhzf/.nvm/versions/node/v5.10.0/bin/node" "/Users/axelhzf/.nvm/versions/node/v5.10.0/bin/npm" "run" "deploy"
19 error node v5.10.0
20 error npm  v3.8.3
21 error code ELIFECYCLE
22 error treexor-code-challenge-tlp2k16@1.0.0 deploy: `git add . && git commit -m update && git push origin master && git checkout gh-pages && git merge master && git push origin gh-pages && git checkout master`
22 error Exit status 1
23 error Failed at the treexor-code-challenge-tlp2k16@1.0.0 deploy script 'git add . && git commit -m update && git push origin master && git checkout gh-pages && git merge master && git push origin gh-pages && git checkout master'.
23 error Make sure you have the latest version of node.js and npm installed.
23 error If you do, this is most likely a problem with the treexor-code-challenge-tlp2k16 package,
23 error not with npm itself.
23 error Tell the author that this fails on your system:
23 error     git add . && git commit -m update && git push origin master && git checkout gh-pages && git merge master && git push origin gh-pages && git checkout master
23 error You can get information on how to open an issue for this project with:
23 error     npm bugs treexor-code-challenge-tlp2k16
23 error Or if that isn't available, you can get their info via:
23 error     npm owner ls treexor-code-challenge-tlp2k16
23 error There is likely additional logging output above.
24 verbose exit [ 1, true ]
